<?xml version="1.0" encoding="UTF-8"?>
<!-- Generated by org.testng.reporters.JUnitReportReporter -->
<testsuite hostname="PQA-0784LT" failures="0" tests="1" name="testCases.eCommerce_tc_4_Hybrid" time="30.607" errors="0" timestamp="2024-11-25T16:07:43 EST" skipped="0">
  <testcase classname="testCases.eCommerce_tc_4_Hybrid" name="DealingWithHybridApp" time="30.607"/>
  <system-out/>
</testsuite> <!-- testCases.eCommerce_tc_4_Hybrid -->
